[2024-07-07T14:56:47.613+0000] {local_task_job_runner.py:120} INFO - ::group::Pre task execution logs
[2024-07-07T14:56:47.657+0000] {taskinstance.py:2076} INFO - Dependencies all met for dep_context=non-requeueable deps ti=<TaskInstance: clickhouse_etl_dag.extract manual__2024-07-07T14:56:41.608408+00:00 [queued]>
[2024-07-07T14:56:47.671+0000] {taskinstance.py:2076} INFO - Dependencies all met for dep_context=requeueable deps ti=<TaskInstance: clickhouse_etl_dag.extract manual__2024-07-07T14:56:41.608408+00:00 [queued]>
[2024-07-07T14:56:47.672+0000] {taskinstance.py:2306} INFO - Starting attempt 1 of 0
[2024-07-07T14:56:47.699+0000] {taskinstance.py:2330} INFO - Executing <Task(PythonOperator): extract> on 2024-07-07 14:56:41.608408+00:00
[2024-07-07T14:56:47.708+0000] {warnings.py:112} WARNING - /home/***/.local/lib/python3.12/site-packages/***/task/task_runner/standard_task_runner.py:61: DeprecationWarning: This process (pid=780) is multi-threaded, use of fork() may lead to deadlocks in the child.
  pid = os.fork()

[2024-07-07T14:56:47.713+0000] {standard_task_runner.py:63} INFO - Started process 782 to run task
[2024-07-07T14:56:47.713+0000] {standard_task_runner.py:90} INFO - Running: ['***', 'tasks', 'run', 'clickhouse_etl_dag', 'extract', 'manual__2024-07-07T14:56:41.608408+00:00', '--job-id', '47', '--raw', '--subdir', 'DAGS_FOLDER/clickhouse.py', '--cfg-path', '/tmp/tmpahb94n7m']
[2024-07-07T14:56:47.715+0000] {standard_task_runner.py:91} INFO - Job 47: Subtask extract
[2024-07-07T14:56:47.796+0000] {task_command.py:426} INFO - Running <TaskInstance: clickhouse_etl_dag.extract manual__2024-07-07T14:56:41.608408+00:00 [running]> on host dfb367ef2d3b
[2024-07-07T14:56:47.969+0000] {taskinstance.py:2648} INFO - Exporting env vars: AIRFLOW_CTX_DAG_EMAIL='franklinnwosu008@gmail.com' AIRFLOW_CTX_DAG_OWNER='Ifeanyi_DArTech_Org' AIRFLOW_CTX_DAG_ID='clickhouse_etl_dag' AIRFLOW_CTX_TASK_ID='extract' AIRFLOW_CTX_EXECUTION_DATE='2024-07-07T14:56:41.608408+00:00' AIRFLOW_CTX_TRY_NUMBER='1' AIRFLOW_CTX_DAG_RUN_ID='manual__2024-07-07T14:56:41.608408+00:00'
[2024-07-07T14:56:47.973+0000] {taskinstance.py:430} INFO - ::endgroup::
[2024-07-07T14:56:48.000+0000] {connection.py:399} INFO - Snowflake Connector for Python Version: 3.10.1, Python Version: 3.12.4, Platform: Linux-5.15.153.1-microsoft-standard-WSL2-x86_64-with-glibc2.36
[2024-07-07T14:56:48.003+0000] {connection.py:1239} INFO - This connection is in OCSP Fail Open Mode. TLS Certificates would be checked for validity and revocation status. Any other Certificate Revocation related exceptions or OCSP Responder failures would be disregarded in favor of connectivity.
[2024-07-07T14:56:48.643+0000] {cursor.py:1149} INFO - Number of results in first chunk: 1
[2024-07-07T14:56:48.729+0000] {cursor.py:1149} INFO - Number of results in first chunk: 1
[2024-07-07T14:56:48.825+0000] {cursor.py:1149} INFO - Number of results in first chunk: 1
[2024-07-07T14:56:48.899+0000] {cursor.py:1149} INFO - Number of results in first chunk: 1
[2024-07-07T14:56:48.963+0000] {cursor.py:1149} INFO - Number of results in first chunk: 1
[2024-07-07T14:56:48.965+0000] {logging_mixin.py:188} INFO - 2015-01-03
[2024-07-07T14:56:49.577+0000] {logging_mixin.py:188} INFO - 11574 rows successfully extracted for 2015-01-04 
[2024-07-07T14:56:49.580+0000] {python.py:237} INFO - Done. Returned value was: None
[2024-07-07T14:56:49.581+0000] {taskinstance.py:441} INFO - ::group::Post task execution logs
[2024-07-07T14:56:49.596+0000] {taskinstance.py:1206} INFO - Marking task as SUCCESS. dag_id=clickhouse_etl_dag, task_id=extract, run_id=manual__2024-07-07T14:56:41.608408+00:00, execution_date=20240707T145641, start_date=20240707T145647, end_date=20240707T145649
[2024-07-07T14:56:49.657+0000] {local_task_job_runner.py:240} INFO - Task exited with return code 0
[2024-07-07T14:56:49.687+0000] {local_task_job_runner.py:222} INFO - ::endgroup::
