[2024-07-07T17:20:08.932+0000] {local_task_job_runner.py:120} INFO - ::group::Pre task execution logs
[2024-07-07T17:20:08.967+0000] {taskinstance.py:2076} INFO - Dependencies all met for dep_context=non-requeueable deps ti=<TaskInstance: clickhouse_etl_dag.loading_task.stg_load backfill__2024-07-06T00:00:00+00:00 [queued]>
[2024-07-07T17:20:08.980+0000] {taskinstance.py:2076} INFO - Dependencies all met for dep_context=requeueable deps ti=<TaskInstance: clickhouse_etl_dag.loading_task.stg_load backfill__2024-07-06T00:00:00+00:00 [queued]>
[2024-07-07T17:20:08.981+0000] {taskinstance.py:2306} INFO - Starting attempt 1 of 0
[2024-07-07T17:20:08.998+0000] {taskinstance.py:2330} INFO - Executing <Task(PythonOperator): loading_task.stg_load> on 2024-07-06 00:00:00+00:00
[2024-07-07T17:20:09.005+0000] {warnings.py:112} WARNING - /home/***/.local/lib/python3.12/site-packages/***/task/task_runner/standard_task_runner.py:61: DeprecationWarning: This process (pid=2309) is multi-threaded, use of fork() may lead to deadlocks in the child.
  pid = os.fork()

[2024-07-07T17:20:09.006+0000] {standard_task_runner.py:63} INFO - Started process 2321 to run task
[2024-07-07T17:20:09.007+0000] {standard_task_runner.py:90} INFO - Running: ['***', 'tasks', 'run', 'clickhouse_etl_dag', 'loading_task.stg_load', 'backfill__2024-07-06T00:00:00+00:00', '--job-id', '63', '--pool', 'default_pool', '--raw', '--subdir', 'DAGS_FOLDER/clickhouse.py', '--cfg-path', '/tmp/tmpgkwjo23q']
[2024-07-07T17:20:09.008+0000] {standard_task_runner.py:91} INFO - Job 63: Subtask loading_task.stg_load
[2024-07-07T17:20:09.069+0000] {task_command.py:426} INFO - Running <TaskInstance: clickhouse_etl_dag.loading_task.stg_load backfill__2024-07-06T00:00:00+00:00 [running]> on host dfb367ef2d3b
[2024-07-07T17:20:09.191+0000] {taskinstance.py:2648} INFO - Exporting env vars: AIRFLOW_CTX_DAG_EMAIL='franklinnwosu008@gmail.com' AIRFLOW_CTX_DAG_OWNER='Ifeanyi_DArTech_Org' AIRFLOW_CTX_DAG_ID='clickhouse_etl_dag' AIRFLOW_CTX_TASK_ID='loading_task.stg_load' AIRFLOW_CTX_EXECUTION_DATE='2024-07-06T00:00:00+00:00' AIRFLOW_CTX_TRY_NUMBER='1' AIRFLOW_CTX_DAG_RUN_ID='backfill__2024-07-06T00:00:00+00:00'
[2024-07-07T17:20:09.193+0000] {taskinstance.py:430} INFO - ::endgroup::
[2024-07-07T17:20:09.247+0000] {connection.py:399} INFO - Snowflake Connector for Python Version: 3.10.1, Python Version: 3.12.4, Platform: Linux-5.15.153.1-microsoft-standard-WSL2-x86_64-with-glibc2.36
[2024-07-07T17:20:09.248+0000] {connection.py:1239} INFO - This connection is in OCSP Fail Open Mode. TLS Certificates would be checked for validity and revocation status. Any other Certificate Revocation related exceptions or OCSP Responder failures would be disregarded in favor of connectivity.
[2024-07-07T17:20:09.689+0000] {cursor.py:1149} INFO - Number of results in first chunk: 1
[2024-07-07T17:20:09.778+0000] {cursor.py:1149} INFO - Number of results in first chunk: 1
[2024-07-07T17:20:09.833+0000] {cursor.py:1149} INFO - Number of results in first chunk: 7
[2024-07-07T17:20:09.888+0000] {cursor.py:1149} INFO - Number of results in first chunk: 7
[2024-07-07T17:20:09.967+0000] {cursor.py:1149} INFO - Number of results in first chunk: 2
[2024-07-07T17:20:10.038+0000] {cursor.py:1149} INFO - Number of results in first chunk: 0
[2024-07-07T17:20:10.087+0000] {cursor.py:1149} INFO - Number of results in first chunk: 1
[2024-07-07T17:20:10.151+0000] {cursor.py:1149} INFO - Number of results in first chunk: 0
[2024-07-07T17:20:12.119+0000] {cursor.py:1149} INFO - Number of results in first chunk: 10
[2024-07-07T17:20:12.190+0000] {cursor.py:1149} INFO - Number of results in first chunk: 0
[2024-07-07T17:20:12.258+0000] {cursor.py:1149} INFO - Number of results in first chunk: 0
[2024-07-07T17:20:12.345+0000] {cursor.py:1149} INFO - Number of results in first chunk: 1
[2024-07-07T17:20:12.425+0000] {cursor.py:1149} INFO - Number of results in first chunk: 1
[2024-07-07T17:20:12.583+0000] {cursor.py:1149} INFO - Number of results in first chunk: 1
[2024-07-07T17:20:17.606+0000] {cursor.py:1149} INFO - Number of results in first chunk: 1
[2024-07-07T17:20:17.662+0000] {cursor.py:1149} INFO - Number of results in first chunk: 1
[2024-07-07T17:20:17.663+0000] {logging_mixin.py:188} INFO - 7032 rows successfully loaded to the postgres DB
[2024-07-07T17:20:17.664+0000] {python.py:237} INFO - Done. Returned value was: None
[2024-07-07T17:20:17.665+0000] {taskinstance.py:441} INFO - ::group::Post task execution logs
[2024-07-07T17:20:17.680+0000] {taskinstance.py:1206} INFO - Marking task as SUCCESS. dag_id=clickhouse_etl_dag, task_id=loading_task.stg_load, run_id=backfill__2024-07-06T00:00:00+00:00, execution_date=20240706T000000, start_date=20240707T172008, end_date=20240707T172017
[2024-07-07T17:20:17.713+0000] {local_task_job_runner.py:240} INFO - Task exited with return code 0
[2024-07-07T17:20:17.730+0000] {local_task_job_runner.py:222} INFO - ::endgroup::
