[2024-07-07T17:21:25.645+0000] {processor.py:161} INFO - Started process (PID=3492) to work on /opt/airflow/dags/modules/extract.py
[2024-07-07T17:21:25.647+0000] {processor.py:830} INFO - Processing file /opt/airflow/dags/modules/extract.py for tasks to queue
[2024-07-07T17:21:25.649+0000] {logging_mixin.py:188} INFO - [2024-07-07T17:21:25.648+0000] {dagbag.py:545} INFO - Filling up the DagBag from /opt/airflow/dags/modules/extract.py
[2024-07-07T17:21:26.165+0000] {processor.py:842} WARNING - No viable dags retrieved from /opt/airflow/dags/modules/extract.py
[2024-07-07T17:21:26.178+0000] {processor.py:183} INFO - Processing /opt/airflow/dags/modules/extract.py took 0.539 seconds
[2024-07-07T17:21:56.579+0000] {processor.py:161} INFO - Started process (PID=3502) to work on /opt/airflow/dags/modules/extract.py
[2024-07-07T17:21:56.580+0000] {processor.py:830} INFO - Processing file /opt/airflow/dags/modules/extract.py for tasks to queue
[2024-07-07T17:21:56.582+0000] {logging_mixin.py:188} INFO - [2024-07-07T17:21:56.581+0000] {dagbag.py:545} INFO - Filling up the DagBag from /opt/airflow/dags/modules/extract.py
[2024-07-07T17:21:57.088+0000] {processor.py:842} WARNING - No viable dags retrieved from /opt/airflow/dags/modules/extract.py
[2024-07-07T17:21:57.102+0000] {processor.py:183} INFO - Processing /opt/airflow/dags/modules/extract.py took 0.529 seconds
[2024-07-07T17:22:27.219+0000] {processor.py:161} INFO - Started process (PID=3514) to work on /opt/airflow/dags/modules/extract.py
[2024-07-07T17:22:27.220+0000] {processor.py:830} INFO - Processing file /opt/airflow/dags/modules/extract.py for tasks to queue
[2024-07-07T17:22:27.221+0000] {logging_mixin.py:188} INFO - [2024-07-07T17:22:27.220+0000] {dagbag.py:545} INFO - Filling up the DagBag from /opt/airflow/dags/modules/extract.py
[2024-07-07T17:22:27.667+0000] {processor.py:842} WARNING - No viable dags retrieved from /opt/airflow/dags/modules/extract.py
[2024-07-07T17:22:27.678+0000] {processor.py:183} INFO - Processing /opt/airflow/dags/modules/extract.py took 0.466 seconds
[2024-07-07T17:22:57.778+0000] {processor.py:161} INFO - Started process (PID=3526) to work on /opt/airflow/dags/modules/extract.py
[2024-07-07T17:22:57.779+0000] {processor.py:830} INFO - Processing file /opt/airflow/dags/modules/extract.py for tasks to queue
[2024-07-07T17:22:57.780+0000] {logging_mixin.py:188} INFO - [2024-07-07T17:22:57.780+0000] {dagbag.py:545} INFO - Filling up the DagBag from /opt/airflow/dags/modules/extract.py
[2024-07-07T17:22:58.205+0000] {processor.py:842} WARNING - No viable dags retrieved from /opt/airflow/dags/modules/extract.py
[2024-07-07T17:22:58.216+0000] {processor.py:183} INFO - Processing /opt/airflow/dags/modules/extract.py took 0.444 seconds
[2024-07-07T17:23:28.930+0000] {processor.py:161} INFO - Started process (PID=3538) to work on /opt/airflow/dags/modules/extract.py
[2024-07-07T17:23:28.931+0000] {processor.py:830} INFO - Processing file /opt/airflow/dags/modules/extract.py for tasks to queue
[2024-07-07T17:23:28.932+0000] {logging_mixin.py:188} INFO - [2024-07-07T17:23:28.932+0000] {dagbag.py:545} INFO - Filling up the DagBag from /opt/airflow/dags/modules/extract.py
[2024-07-07T17:23:29.383+0000] {processor.py:842} WARNING - No viable dags retrieved from /opt/airflow/dags/modules/extract.py
[2024-07-07T17:23:29.393+0000] {processor.py:183} INFO - Processing /opt/airflow/dags/modules/extract.py took 0.469 seconds
[2024-07-07T17:23:59.508+0000] {processor.py:161} INFO - Started process (PID=3550) to work on /opt/airflow/dags/modules/extract.py
[2024-07-07T17:23:59.509+0000] {processor.py:830} INFO - Processing file /opt/airflow/dags/modules/extract.py for tasks to queue
[2024-07-07T17:23:59.510+0000] {logging_mixin.py:188} INFO - [2024-07-07T17:23:59.510+0000] {dagbag.py:545} INFO - Filling up the DagBag from /opt/airflow/dags/modules/extract.py
[2024-07-07T17:23:59.973+0000] {processor.py:842} WARNING - No viable dags retrieved from /opt/airflow/dags/modules/extract.py
[2024-07-07T17:23:59.984+0000] {processor.py:183} INFO - Processing /opt/airflow/dags/modules/extract.py took 0.482 seconds
[2024-07-07T17:24:30.848+0000] {processor.py:161} INFO - Started process (PID=3562) to work on /opt/airflow/dags/modules/extract.py
[2024-07-07T17:24:30.849+0000] {processor.py:830} INFO - Processing file /opt/airflow/dags/modules/extract.py for tasks to queue
[2024-07-07T17:24:30.850+0000] {logging_mixin.py:188} INFO - [2024-07-07T17:24:30.850+0000] {dagbag.py:545} INFO - Filling up the DagBag from /opt/airflow/dags/modules/extract.py
[2024-07-07T17:24:31.294+0000] {processor.py:842} WARNING - No viable dags retrieved from /opt/airflow/dags/modules/extract.py
[2024-07-07T17:24:31.305+0000] {processor.py:183} INFO - Processing /opt/airflow/dags/modules/extract.py took 0.463 seconds
[2024-07-07T17:25:02.151+0000] {processor.py:161} INFO - Started process (PID=3580) to work on /opt/airflow/dags/modules/extract.py
[2024-07-07T17:25:02.152+0000] {processor.py:830} INFO - Processing file /opt/airflow/dags/modules/extract.py for tasks to queue
[2024-07-07T17:25:02.154+0000] {logging_mixin.py:188} INFO - [2024-07-07T17:25:02.153+0000] {dagbag.py:545} INFO - Filling up the DagBag from /opt/airflow/dags/modules/extract.py
[2024-07-07T17:25:02.599+0000] {processor.py:842} WARNING - No viable dags retrieved from /opt/airflow/dags/modules/extract.py
[2024-07-07T17:25:02.612+0000] {processor.py:183} INFO - Processing /opt/airflow/dags/modules/extract.py took 0.467 seconds
[2024-07-07T17:25:32.695+0000] {processor.py:161} INFO - Started process (PID=3592) to work on /opt/airflow/dags/modules/extract.py
[2024-07-07T17:25:32.696+0000] {processor.py:830} INFO - Processing file /opt/airflow/dags/modules/extract.py for tasks to queue
[2024-07-07T17:25:32.697+0000] {logging_mixin.py:188} INFO - [2024-07-07T17:25:32.697+0000] {dagbag.py:545} INFO - Filling up the DagBag from /opt/airflow/dags/modules/extract.py
[2024-07-07T17:25:33.252+0000] {processor.py:842} WARNING - No viable dags retrieved from /opt/airflow/dags/modules/extract.py
[2024-07-07T17:25:33.264+0000] {processor.py:183} INFO - Processing /opt/airflow/dags/modules/extract.py took 0.577 seconds
[2024-07-07T17:26:03.956+0000] {processor.py:161} INFO - Started process (PID=3604) to work on /opt/airflow/dags/modules/extract.py
[2024-07-07T17:26:03.957+0000] {processor.py:830} INFO - Processing file /opt/airflow/dags/modules/extract.py for tasks to queue
[2024-07-07T17:26:03.958+0000] {logging_mixin.py:188} INFO - [2024-07-07T17:26:03.958+0000] {dagbag.py:545} INFO - Filling up the DagBag from /opt/airflow/dags/modules/extract.py
[2024-07-07T17:26:04.436+0000] {processor.py:842} WARNING - No viable dags retrieved from /opt/airflow/dags/modules/extract.py
[2024-07-07T17:26:04.447+0000] {processor.py:183} INFO - Processing /opt/airflow/dags/modules/extract.py took 0.498 seconds
[2024-07-07T17:26:34.848+0000] {processor.py:161} INFO - Started process (PID=3616) to work on /opt/airflow/dags/modules/extract.py
[2024-07-07T17:26:34.849+0000] {processor.py:830} INFO - Processing file /opt/airflow/dags/modules/extract.py for tasks to queue
[2024-07-07T17:26:34.850+0000] {logging_mixin.py:188} INFO - [2024-07-07T17:26:34.850+0000] {dagbag.py:545} INFO - Filling up the DagBag from /opt/airflow/dags/modules/extract.py
[2024-07-07T17:26:35.326+0000] {processor.py:842} WARNING - No viable dags retrieved from /opt/airflow/dags/modules/extract.py
[2024-07-07T17:26:35.340+0000] {processor.py:183} INFO - Processing /opt/airflow/dags/modules/extract.py took 0.498 seconds
[2024-07-07T17:27:06.160+0000] {processor.py:161} INFO - Started process (PID=3628) to work on /opt/airflow/dags/modules/extract.py
[2024-07-07T17:27:06.161+0000] {processor.py:830} INFO - Processing file /opt/airflow/dags/modules/extract.py for tasks to queue
[2024-07-07T17:27:06.163+0000] {logging_mixin.py:188} INFO - [2024-07-07T17:27:06.163+0000] {dagbag.py:545} INFO - Filling up the DagBag from /opt/airflow/dags/modules/extract.py
[2024-07-07T17:27:06.680+0000] {processor.py:842} WARNING - No viable dags retrieved from /opt/airflow/dags/modules/extract.py
[2024-07-07T17:27:06.691+0000] {processor.py:183} INFO - Processing /opt/airflow/dags/modules/extract.py took 0.537 seconds
[2024-07-07T17:27:37.698+0000] {processor.py:161} INFO - Started process (PID=3640) to work on /opt/airflow/dags/modules/extract.py
[2024-07-07T17:27:37.700+0000] {processor.py:830} INFO - Processing file /opt/airflow/dags/modules/extract.py for tasks to queue
[2024-07-07T17:27:37.701+0000] {logging_mixin.py:188} INFO - [2024-07-07T17:27:37.701+0000] {dagbag.py:545} INFO - Filling up the DagBag from /opt/airflow/dags/modules/extract.py
[2024-07-07T17:27:38.356+0000] {processor.py:842} WARNING - No viable dags retrieved from /opt/airflow/dags/modules/extract.py
[2024-07-07T17:27:38.374+0000] {processor.py:183} INFO - Processing /opt/airflow/dags/modules/extract.py took 0.685 seconds
[2024-07-07T17:28:08.918+0000] {processor.py:161} INFO - Started process (PID=3652) to work on /opt/airflow/dags/modules/extract.py
[2024-07-07T17:28:08.919+0000] {processor.py:830} INFO - Processing file /opt/airflow/dags/modules/extract.py for tasks to queue
[2024-07-07T17:28:08.920+0000] {logging_mixin.py:188} INFO - [2024-07-07T17:28:08.920+0000] {dagbag.py:545} INFO - Filling up the DagBag from /opt/airflow/dags/modules/extract.py
[2024-07-07T17:28:09.402+0000] {processor.py:842} WARNING - No viable dags retrieved from /opt/airflow/dags/modules/extract.py
[2024-07-07T17:28:09.414+0000] {processor.py:183} INFO - Processing /opt/airflow/dags/modules/extract.py took 0.502 seconds
[2024-07-07T17:28:39.573+0000] {processor.py:161} INFO - Started process (PID=3664) to work on /opt/airflow/dags/modules/extract.py
[2024-07-07T17:28:39.574+0000] {processor.py:830} INFO - Processing file /opt/airflow/dags/modules/extract.py for tasks to queue
[2024-07-07T17:28:39.575+0000] {logging_mixin.py:188} INFO - [2024-07-07T17:28:39.575+0000] {dagbag.py:545} INFO - Filling up the DagBag from /opt/airflow/dags/modules/extract.py
[2024-07-07T17:28:40.033+0000] {processor.py:842} WARNING - No viable dags retrieved from /opt/airflow/dags/modules/extract.py
[2024-07-07T17:28:40.045+0000] {processor.py:183} INFO - Processing /opt/airflow/dags/modules/extract.py took 0.478 seconds
[2024-07-07T17:29:10.299+0000] {processor.py:161} INFO - Started process (PID=3676) to work on /opt/airflow/dags/modules/extract.py
[2024-07-07T17:29:10.300+0000] {processor.py:830} INFO - Processing file /opt/airflow/dags/modules/extract.py for tasks to queue
[2024-07-07T17:29:10.301+0000] {logging_mixin.py:188} INFO - [2024-07-07T17:29:10.301+0000] {dagbag.py:545} INFO - Filling up the DagBag from /opt/airflow/dags/modules/extract.py
[2024-07-07T17:29:10.753+0000] {processor.py:842} WARNING - No viable dags retrieved from /opt/airflow/dags/modules/extract.py
[2024-07-07T17:29:10.764+0000] {processor.py:183} INFO - Processing /opt/airflow/dags/modules/extract.py took 0.471 seconds
[2024-07-07T17:29:40.918+0000] {processor.py:161} INFO - Started process (PID=3688) to work on /opt/airflow/dags/modules/extract.py
[2024-07-07T17:29:40.919+0000] {processor.py:830} INFO - Processing file /opt/airflow/dags/modules/extract.py for tasks to queue
[2024-07-07T17:29:40.920+0000] {logging_mixin.py:188} INFO - [2024-07-07T17:29:40.920+0000] {dagbag.py:545} INFO - Filling up the DagBag from /opt/airflow/dags/modules/extract.py
[2024-07-07T17:29:41.374+0000] {processor.py:842} WARNING - No viable dags retrieved from /opt/airflow/dags/modules/extract.py
[2024-07-07T17:29:41.385+0000] {processor.py:183} INFO - Processing /opt/airflow/dags/modules/extract.py took 0.473 seconds
[2024-07-07T17:30:11.589+0000] {processor.py:161} INFO - Started process (PID=3700) to work on /opt/airflow/dags/modules/extract.py
[2024-07-07T17:30:11.590+0000] {processor.py:830} INFO - Processing file /opt/airflow/dags/modules/extract.py for tasks to queue
[2024-07-07T17:30:11.591+0000] {logging_mixin.py:188} INFO - [2024-07-07T17:30:11.591+0000] {dagbag.py:545} INFO - Filling up the DagBag from /opt/airflow/dags/modules/extract.py
[2024-07-07T17:30:12.036+0000] {processor.py:842} WARNING - No viable dags retrieved from /opt/airflow/dags/modules/extract.py
[2024-07-07T17:30:12.047+0000] {processor.py:183} INFO - Processing /opt/airflow/dags/modules/extract.py took 0.464 seconds
[2024-07-07T17:30:42.495+0000] {processor.py:161} INFO - Started process (PID=3712) to work on /opt/airflow/dags/modules/extract.py
[2024-07-07T17:30:42.497+0000] {processor.py:830} INFO - Processing file /opt/airflow/dags/modules/extract.py for tasks to queue
[2024-07-07T17:30:42.498+0000] {logging_mixin.py:188} INFO - [2024-07-07T17:30:42.498+0000] {dagbag.py:545} INFO - Filling up the DagBag from /opt/airflow/dags/modules/extract.py
[2024-07-07T17:30:42.932+0000] {processor.py:842} WARNING - No viable dags retrieved from /opt/airflow/dags/modules/extract.py
[2024-07-07T17:30:42.943+0000] {processor.py:183} INFO - Processing /opt/airflow/dags/modules/extract.py took 0.453 seconds
[2024-07-07T17:31:13.870+0000] {processor.py:161} INFO - Started process (PID=3724) to work on /opt/airflow/dags/modules/extract.py
[2024-07-07T17:31:13.871+0000] {processor.py:830} INFO - Processing file /opt/airflow/dags/modules/extract.py for tasks to queue
[2024-07-07T17:31:13.873+0000] {logging_mixin.py:188} INFO - [2024-07-07T17:31:13.872+0000] {dagbag.py:545} INFO - Filling up the DagBag from /opt/airflow/dags/modules/extract.py
[2024-07-07T17:31:14.451+0000] {processor.py:842} WARNING - No viable dags retrieved from /opt/airflow/dags/modules/extract.py
[2024-07-07T17:31:14.467+0000] {processor.py:183} INFO - Processing /opt/airflow/dags/modules/extract.py took 0.603 seconds
[2024-07-07T17:31:44.640+0000] {processor.py:161} INFO - Started process (PID=3736) to work on /opt/airflow/dags/modules/extract.py
[2024-07-07T17:31:44.641+0000] {processor.py:830} INFO - Processing file /opt/airflow/dags/modules/extract.py for tasks to queue
[2024-07-07T17:31:44.642+0000] {logging_mixin.py:188} INFO - [2024-07-07T17:31:44.642+0000] {dagbag.py:545} INFO - Filling up the DagBag from /opt/airflow/dags/modules/extract.py
[2024-07-07T17:31:45.167+0000] {processor.py:842} WARNING - No viable dags retrieved from /opt/airflow/dags/modules/extract.py
[2024-07-07T17:31:45.179+0000] {processor.py:183} INFO - Processing /opt/airflow/dags/modules/extract.py took 0.544 seconds
[2024-07-07T17:32:15.366+0000] {processor.py:161} INFO - Started process (PID=3748) to work on /opt/airflow/dags/modules/extract.py
[2024-07-07T17:32:15.367+0000] {processor.py:830} INFO - Processing file /opt/airflow/dags/modules/extract.py for tasks to queue
[2024-07-07T17:32:15.369+0000] {logging_mixin.py:188} INFO - [2024-07-07T17:32:15.368+0000] {dagbag.py:545} INFO - Filling up the DagBag from /opt/airflow/dags/modules/extract.py
[2024-07-07T17:32:15.800+0000] {processor.py:842} WARNING - No viable dags retrieved from /opt/airflow/dags/modules/extract.py
[2024-07-07T17:32:15.811+0000] {processor.py:183} INFO - Processing /opt/airflow/dags/modules/extract.py took 0.450 seconds
[2024-07-07T17:32:31.913+0000] {processor.py:161} INFO - Started process (PID=3751) to work on /opt/airflow/dags/modules/extract.py
[2024-07-07T17:32:31.915+0000] {processor.py:830} INFO - Processing file /opt/airflow/dags/modules/extract.py for tasks to queue
[2024-07-07T17:32:31.917+0000] {logging_mixin.py:188} INFO - [2024-07-07T17:32:31.917+0000] {dagbag.py:545} INFO - Filling up the DagBag from /opt/airflow/dags/modules/extract.py
[2024-07-07T17:32:32.489+0000] {processor.py:842} WARNING - No viable dags retrieved from /opt/airflow/dags/modules/extract.py
[2024-07-07T17:32:32.502+0000] {processor.py:183} INFO - Processing /opt/airflow/dags/modules/extract.py took 0.600 seconds
[2024-07-07T17:32:54.451+0000] {processor.py:161} INFO - Started process (PID=3763) to work on /opt/airflow/dags/modules/extract.py
[2024-07-07T17:32:54.452+0000] {processor.py:830} INFO - Processing file /opt/airflow/dags/modules/extract.py for tasks to queue
[2024-07-07T17:32:54.453+0000] {logging_mixin.py:188} INFO - [2024-07-07T17:32:54.453+0000] {dagbag.py:545} INFO - Filling up the DagBag from /opt/airflow/dags/modules/extract.py
[2024-07-07T17:32:54.474+0000] {logging_mixin.py:188} INFO - [2024-07-07T17:32:54.474+0000] {dagbag.py:334} INFO - File /opt/airflow/dags/modules/extract.py assumed to contain no DAGs. Skipping.
[2024-07-07T17:32:54.475+0000] {processor.py:842} WARNING - No viable dags retrieved from /opt/airflow/dags/modules/extract.py
[2024-07-07T17:32:54.493+0000] {processor.py:183} INFO - Processing /opt/airflow/dags/modules/extract.py took 0.050 seconds
[2024-07-07T17:33:24.647+0000] {processor.py:161} INFO - Started process (PID=3774) to work on /opt/airflow/dags/modules/extract.py
[2024-07-07T17:33:24.648+0000] {processor.py:830} INFO - Processing file /opt/airflow/dags/modules/extract.py for tasks to queue
[2024-07-07T17:33:24.649+0000] {logging_mixin.py:188} INFO - [2024-07-07T17:33:24.649+0000] {dagbag.py:545} INFO - Filling up the DagBag from /opt/airflow/dags/modules/extract.py
[2024-07-07T17:33:24.665+0000] {logging_mixin.py:188} INFO - [2024-07-07T17:33:24.664+0000] {dagbag.py:334} INFO - File /opt/airflow/dags/modules/extract.py assumed to contain no DAGs. Skipping.
[2024-07-07T17:33:24.665+0000] {processor.py:842} WARNING - No viable dags retrieved from /opt/airflow/dags/modules/extract.py
[2024-07-07T17:33:24.678+0000] {processor.py:183} INFO - Processing /opt/airflow/dags/modules/extract.py took 0.037 seconds
[2024-07-07T17:33:54.930+0000] {processor.py:161} INFO - Started process (PID=3785) to work on /opt/airflow/dags/modules/extract.py
[2024-07-07T17:33:54.931+0000] {processor.py:830} INFO - Processing file /opt/airflow/dags/modules/extract.py for tasks to queue
[2024-07-07T17:33:54.932+0000] {logging_mixin.py:188} INFO - [2024-07-07T17:33:54.931+0000] {dagbag.py:545} INFO - Filling up the DagBag from /opt/airflow/dags/modules/extract.py
[2024-07-07T17:33:54.946+0000] {logging_mixin.py:188} INFO - [2024-07-07T17:33:54.946+0000] {dagbag.py:334} INFO - File /opt/airflow/dags/modules/extract.py assumed to contain no DAGs. Skipping.
[2024-07-07T17:33:54.946+0000] {processor.py:842} WARNING - No viable dags retrieved from /opt/airflow/dags/modules/extract.py
[2024-07-07T17:33:54.961+0000] {processor.py:183} INFO - Processing /opt/airflow/dags/modules/extract.py took 0.038 seconds
[2024-07-07T17:34:25.292+0000] {processor.py:161} INFO - Started process (PID=3796) to work on /opt/airflow/dags/modules/extract.py
[2024-07-07T17:34:25.293+0000] {processor.py:830} INFO - Processing file /opt/airflow/dags/modules/extract.py for tasks to queue
[2024-07-07T17:34:25.294+0000] {logging_mixin.py:188} INFO - [2024-07-07T17:34:25.294+0000] {dagbag.py:545} INFO - Filling up the DagBag from /opt/airflow/dags/modules/extract.py
[2024-07-07T17:34:25.311+0000] {logging_mixin.py:188} INFO - [2024-07-07T17:34:25.310+0000] {dagbag.py:334} INFO - File /opt/airflow/dags/modules/extract.py assumed to contain no DAGs. Skipping.
[2024-07-07T17:34:25.311+0000] {processor.py:842} WARNING - No viable dags retrieved from /opt/airflow/dags/modules/extract.py
[2024-07-07T17:34:25.324+0000] {processor.py:183} INFO - Processing /opt/airflow/dags/modules/extract.py took 0.038 seconds
[2024-07-07T17:34:55.494+0000] {processor.py:161} INFO - Started process (PID=3807) to work on /opt/airflow/dags/modules/extract.py
[2024-07-07T17:34:55.495+0000] {processor.py:830} INFO - Processing file /opt/airflow/dags/modules/extract.py for tasks to queue
[2024-07-07T17:34:55.496+0000] {logging_mixin.py:188} INFO - [2024-07-07T17:34:55.495+0000] {dagbag.py:545} INFO - Filling up the DagBag from /opt/airflow/dags/modules/extract.py
[2024-07-07T17:34:55.511+0000] {logging_mixin.py:188} INFO - [2024-07-07T17:34:55.511+0000] {dagbag.py:334} INFO - File /opt/airflow/dags/modules/extract.py assumed to contain no DAGs. Skipping.
[2024-07-07T17:34:55.511+0000] {processor.py:842} WARNING - No viable dags retrieved from /opt/airflow/dags/modules/extract.py
[2024-07-07T17:34:55.525+0000] {processor.py:183} INFO - Processing /opt/airflow/dags/modules/extract.py took 0.037 seconds
[2024-07-07T17:35:25.948+0000] {processor.py:161} INFO - Started process (PID=3815) to work on /opt/airflow/dags/modules/extract.py
[2024-07-07T17:35:25.950+0000] {processor.py:830} INFO - Processing file /opt/airflow/dags/modules/extract.py for tasks to queue
[2024-07-07T17:35:25.951+0000] {logging_mixin.py:188} INFO - [2024-07-07T17:35:25.951+0000] {dagbag.py:545} INFO - Filling up the DagBag from /opt/airflow/dags/modules/extract.py
[2024-07-07T17:35:25.967+0000] {logging_mixin.py:188} INFO - [2024-07-07T17:35:25.967+0000] {dagbag.py:334} INFO - File /opt/airflow/dags/modules/extract.py assumed to contain no DAGs. Skipping.
[2024-07-07T17:35:25.968+0000] {processor.py:842} WARNING - No viable dags retrieved from /opt/airflow/dags/modules/extract.py
[2024-07-07T17:35:25.984+0000] {processor.py:183} INFO - Processing /opt/airflow/dags/modules/extract.py took 0.042 seconds
[2024-07-07T17:35:56.343+0000] {processor.py:161} INFO - Started process (PID=3826) to work on /opt/airflow/dags/modules/extract.py
[2024-07-07T17:35:56.344+0000] {processor.py:830} INFO - Processing file /opt/airflow/dags/modules/extract.py for tasks to queue
[2024-07-07T17:35:56.345+0000] {logging_mixin.py:188} INFO - [2024-07-07T17:35:56.345+0000] {dagbag.py:545} INFO - Filling up the DagBag from /opt/airflow/dags/modules/extract.py
[2024-07-07T17:35:56.360+0000] {logging_mixin.py:188} INFO - [2024-07-07T17:35:56.360+0000] {dagbag.py:334} INFO - File /opt/airflow/dags/modules/extract.py assumed to contain no DAGs. Skipping.
[2024-07-07T17:35:56.360+0000] {processor.py:842} WARNING - No viable dags retrieved from /opt/airflow/dags/modules/extract.py
[2024-07-07T17:35:56.374+0000] {processor.py:183} INFO - Processing /opt/airflow/dags/modules/extract.py took 0.037 seconds
