[2024-07-07T14:21:04.784+0000] {local_task_job_runner.py:120} INFO - ::group::Pre task execution logs
[2024-07-07T14:21:04.826+0000] {taskinstance.py:2076} INFO - Dependencies all met for dep_context=non-requeueable deps ti=<TaskInstance: clickhouse_etl_dag.stg_load manual__2024-07-07T14:20:54.636210+00:00 [queued]>
[2024-07-07T14:21:04.847+0000] {taskinstance.py:2076} INFO - Dependencies all met for dep_context=requeueable deps ti=<TaskInstance: clickhouse_etl_dag.stg_load manual__2024-07-07T14:20:54.636210+00:00 [queued]>
[2024-07-07T14:21:04.849+0000] {taskinstance.py:2306} INFO - Starting attempt 1 of 0
[2024-07-07T14:21:04.872+0000] {taskinstance.py:2330} INFO - Executing <Task(PythonOperator): stg_load> on 2024-07-07 14:20:54.636210+00:00
[2024-07-07T14:21:04.887+0000] {warnings.py:112} WARNING - /home/***/.local/lib/python3.12/site-packages/***/task/task_runner/standard_task_runner.py:61: DeprecationWarning: This process (pid=308) is multi-threaded, use of fork() may lead to deadlocks in the child.
  pid = os.fork()

[2024-07-07T14:21:04.889+0000] {standard_task_runner.py:63} INFO - Started process 310 to run task
[2024-07-07T14:21:04.890+0000] {standard_task_runner.py:90} INFO - Running: ['***', 'tasks', 'run', 'clickhouse_etl_dag', 'stg_load', 'manual__2024-07-07T14:20:54.636210+00:00', '--job-id', '35', '--raw', '--subdir', 'DAGS_FOLDER/clickhouse.py', '--cfg-path', '/tmp/tmp1w3qi80h']
[2024-07-07T14:21:04.892+0000] {standard_task_runner.py:91} INFO - Job 35: Subtask stg_load
[2024-07-07T14:21:04.968+0000] {task_command.py:426} INFO - Running <TaskInstance: clickhouse_etl_dag.stg_load manual__2024-07-07T14:20:54.636210+00:00 [running]> on host dfb367ef2d3b
[2024-07-07T14:21:05.162+0000] {taskinstance.py:2648} INFO - Exporting env vars: AIRFLOW_CTX_DAG_EMAIL='franklinnwosu008@gmail.com' AIRFLOW_CTX_DAG_OWNER='Ifeanyi_DArTech_Org' AIRFLOW_CTX_DAG_ID='clickhouse_etl_dag' AIRFLOW_CTX_TASK_ID='stg_load' AIRFLOW_CTX_EXECUTION_DATE='2024-07-07T14:20:54.636210+00:00' AIRFLOW_CTX_TRY_NUMBER='1' AIRFLOW_CTX_DAG_RUN_ID='manual__2024-07-07T14:20:54.636210+00:00'
[2024-07-07T14:21:05.166+0000] {taskinstance.py:430} INFO - ::endgroup::
[2024-07-07T14:21:05.228+0000] {connection.py:399} INFO - Snowflake Connector for Python Version: 3.10.1, Python Version: 3.12.4, Platform: Linux-5.15.153.1-microsoft-standard-WSL2-x86_64-with-glibc2.36
[2024-07-07T14:21:05.230+0000] {connection.py:1239} INFO - This connection is in OCSP Fail Open Mode. TLS Certificates would be checked for validity and revocation status. Any other Certificate Revocation related exceptions or OCSP Responder failures would be disregarded in favor of connectivity.
[2024-07-07T14:21:05.795+0000] {cursor.py:1149} INFO - Number of results in first chunk: 1
[2024-07-07T14:21:05.848+0000] {cursor.py:1149} INFO - Number of results in first chunk: 1
[2024-07-07T14:21:05.925+0000] {cursor.py:1149} INFO - Number of results in first chunk: 7
[2024-07-07T14:21:05.988+0000] {cursor.py:1149} INFO - Number of results in first chunk: 7
[2024-07-07T14:21:06.079+0000] {cursor.py:1149} INFO - Number of results in first chunk: 2
[2024-07-07T14:21:06.161+0000] {cursor.py:1149} INFO - Number of results in first chunk: 0
[2024-07-07T14:21:06.214+0000] {cursor.py:1149} INFO - Number of results in first chunk: 1
[2024-07-07T14:21:06.284+0000] {cursor.py:1149} INFO - Number of results in first chunk: 0
[2024-07-07T14:21:07.446+0000] {cursor.py:1149} INFO - Number of results in first chunk: 10
[2024-07-07T14:21:07.531+0000] {cursor.py:1149} INFO - Number of results in first chunk: 0
[2024-07-07T14:21:07.615+0000] {cursor.py:1149} INFO - Number of results in first chunk: 0
[2024-07-07T14:21:07.695+0000] {cursor.py:1149} INFO - Number of results in first chunk: 1
[2024-07-07T14:21:07.849+0000] {cursor.py:1149} INFO - Number of results in first chunk: 1
[2024-07-07T14:21:08.004+0000] {cursor.py:1149} INFO - Number of results in first chunk: 1
[2024-07-07T14:21:12.436+0000] {cursor.py:1149} INFO - Number of results in first chunk: 1
[2024-07-07T14:21:12.491+0000] {cursor.py:1149} INFO - Number of results in first chunk: 1
[2024-07-07T14:21:12.492+0000] {logging_mixin.py:188} INFO - 5780 rows successfully loaded to the postgres DB
[2024-07-07T14:21:12.494+0000] {python.py:237} INFO - Done. Returned value was: None
[2024-07-07T14:21:12.495+0000] {taskinstance.py:441} INFO - ::group::Post task execution logs
[2024-07-07T14:21:12.516+0000] {taskinstance.py:1206} INFO - Marking task as SUCCESS. dag_id=clickhouse_etl_dag, task_id=stg_load, run_id=manual__2024-07-07T14:20:54.636210+00:00, execution_date=20240707T142054, start_date=20240707T142104, end_date=20240707T142112
[2024-07-07T14:21:12.563+0000] {local_task_job_runner.py:240} INFO - Task exited with return code 0
[2024-07-07T14:21:12.584+0000] {local_task_job_runner.py:222} INFO - ::endgroup::
