[2024-07-07T09:08:22.405+0000] {local_task_job_runner.py:120} INFO - ::group::Pre task execution logs
[2024-07-07T09:08:22.538+0000] {taskinstance.py:2076} INFO - Dependencies all met for dep_context=non-requeueable deps ti=<TaskInstance: my_first_dag.get_timestmap scheduled__2024-07-07T02:00:00+00:00 [queued]>
[2024-07-07T09:08:22.581+0000] {taskinstance.py:2076} INFO - Dependencies all met for dep_context=requeueable deps ti=<TaskInstance: my_first_dag.get_timestmap scheduled__2024-07-07T02:00:00+00:00 [queued]>
[2024-07-07T09:08:22.582+0000] {taskinstance.py:2306} INFO - Starting attempt 1 of 0
[2024-07-07T09:08:22.659+0000] {taskinstance.py:2330} INFO - Executing <Task(BashOperator): get_timestmap> on 2024-07-07 02:00:00+00:00
[2024-07-07T09:08:22.674+0000] {warnings.py:112} WARNING - /home/***/.local/lib/python3.12/site-packages/***/task/task_runner/standard_task_runner.py:61: DeprecationWarning: This process (pid=5152) is multi-threaded, use of fork() may lead to deadlocks in the child.
  pid = os.fork()

[2024-07-07T09:08:22.680+0000] {standard_task_runner.py:63} INFO - Started process 5154 to run task
[2024-07-07T09:08:22.679+0000] {standard_task_runner.py:90} INFO - Running: ['***', 'tasks', 'run', 'my_first_dag', 'get_timestmap', 'scheduled__2024-07-07T02:00:00+00:00', '--job-id', '5', '--raw', '--subdir', 'DAGS_FOLDER/my_first_dag.py', '--cfg-path', '/tmp/tmpzb57r8ri']
[2024-07-07T09:08:22.689+0000] {standard_task_runner.py:91} INFO - Job 5: Subtask get_timestmap
[2024-07-07T09:08:22.828+0000] {task_command.py:426} INFO - Running <TaskInstance: my_first_dag.get_timestmap scheduled__2024-07-07T02:00:00+00:00 [running]> on host 4d4a7ca98422
[2024-07-07T09:08:23.079+0000] {taskinstance.py:2648} INFO - Exporting env vars: AIRFLOW_CTX_DAG_EMAIL='franklinnwosu008@gmail.com' AIRFLOW_CTX_DAG_OWNER='***' AIRFLOW_CTX_DAG_ID='my_first_dag' AIRFLOW_CTX_TASK_ID='get_timestmap' AIRFLOW_CTX_EXECUTION_DATE='2024-07-07T02:00:00+00:00' AIRFLOW_CTX_TRY_NUMBER='1' AIRFLOW_CTX_DAG_RUN_ID='scheduled__2024-07-07T02:00:00+00:00'
[2024-07-07T09:08:23.082+0000] {taskinstance.py:430} INFO - ::endgroup::
[2024-07-07T09:08:23.151+0000] {subprocess.py:63} INFO - Tmp dir root location: /tmp
[2024-07-07T09:08:23.153+0000] {subprocess.py:75} INFO - Running command: ['/usr/bin/bash', '-c', 'echo "Current date and time is $(date)"']
[2024-07-07T09:08:23.172+0000] {subprocess.py:86} INFO - Output:
[2024-07-07T09:08:23.181+0000] {subprocess.py:93} INFO - Current date and time is Sun Jul  7 09:08:23 UTC 2024
[2024-07-07T09:08:23.182+0000] {subprocess.py:97} INFO - Command exited with return code 0
[2024-07-07T09:08:23.184+0000] {taskinstance.py:441} INFO - ::group::Post task execution logs
[2024-07-07T09:08:23.252+0000] {taskinstance.py:1206} INFO - Marking task as SUCCESS. dag_id=my_first_dag, task_id=get_timestmap, run_id=scheduled__2024-07-07T02:00:00+00:00, execution_date=20240707T020000, start_date=20240707T090822, end_date=20240707T090823
[2024-07-07T09:08:23.306+0000] {local_task_job_runner.py:240} INFO - Task exited with return code 0
[2024-07-07T09:08:23.353+0000] {taskinstance.py:3503} INFO - 0 downstream tasks scheduled from follow-on schedule check
[2024-07-07T09:08:23.358+0000] {local_task_job_runner.py:222} INFO - ::endgroup::
