[2024-07-07T14:31:29.214+0000] {local_task_job_runner.py:120} INFO - ::group::Pre task execution logs
[2024-07-07T14:31:29.310+0000] {taskinstance.py:2076} INFO - Dependencies all met for dep_context=non-requeueable deps ti=<TaskInstance: clickhouse_etl_dag.edw_load manual__2024-07-07T14:30:53.123513+00:00 [queued]>
[2024-07-07T14:31:29.337+0000] {taskinstance.py:2076} INFO - Dependencies all met for dep_context=requeueable deps ti=<TaskInstance: clickhouse_etl_dag.edw_load manual__2024-07-07T14:30:53.123513+00:00 [queued]>
[2024-07-07T14:31:29.339+0000] {taskinstance.py:2306} INFO - Starting attempt 1 of 0
[2024-07-07T14:31:29.386+0000] {taskinstance.py:2330} INFO - Executing <Task(PythonOperator): edw_load> on 2024-07-07 14:30:53.123513+00:00
[2024-07-07T14:31:29.402+0000] {warnings.py:112} WARNING - /home/***/.local/lib/python3.12/site-packages/***/task/task_runner/standard_task_runner.py:61: DeprecationWarning: This process (pid=447) is multi-threaded, use of fork() may lead to deadlocks in the child.
  pid = os.fork()

[2024-07-07T14:31:29.405+0000] {standard_task_runner.py:63} INFO - Started process 449 to run task
[2024-07-07T14:31:29.405+0000] {standard_task_runner.py:90} INFO - Running: ['***', 'tasks', 'run', 'clickhouse_etl_dag', 'edw_load', 'manual__2024-07-07T14:30:53.123513+00:00', '--job-id', '39', '--raw', '--subdir', 'DAGS_FOLDER/clickhouse.py', '--cfg-path', '/tmp/tmpch8dhqmk']
[2024-07-07T14:31:29.413+0000] {standard_task_runner.py:91} INFO - Job 39: Subtask edw_load
[2024-07-07T14:31:29.519+0000] {task_command.py:426} INFO - Running <TaskInstance: clickhouse_etl_dag.edw_load manual__2024-07-07T14:30:53.123513+00:00 [running]> on host dfb367ef2d3b
[2024-07-07T14:31:29.752+0000] {taskinstance.py:2648} INFO - Exporting env vars: AIRFLOW_CTX_DAG_EMAIL='franklinnwosu008@gmail.com' AIRFLOW_CTX_DAG_OWNER='Ifeanyi_DArTech_Org' AIRFLOW_CTX_DAG_ID='clickhouse_etl_dag' AIRFLOW_CTX_TASK_ID='edw_load' AIRFLOW_CTX_EXECUTION_DATE='2024-07-07T14:30:53.123513+00:00' AIRFLOW_CTX_TRY_NUMBER='1' AIRFLOW_CTX_DAG_RUN_ID='manual__2024-07-07T14:30:53.123513+00:00'
[2024-07-07T14:31:29.755+0000] {taskinstance.py:430} INFO - ::endgroup::
[2024-07-07T14:31:29.803+0000] {connection.py:399} INFO - Snowflake Connector for Python Version: 3.10.1, Python Version: 3.12.4, Platform: Linux-5.15.153.1-microsoft-standard-WSL2-x86_64-with-glibc2.36
[2024-07-07T14:31:29.806+0000] {connection.py:1239} INFO - This connection is in OCSP Fail Open Mode. TLS Certificates would be checked for validity and revocation status. Any other Certificate Revocation related exceptions or OCSP Responder failures would be disregarded in favor of connectivity.
[2024-07-07T14:31:30.489+0000] {cursor.py:1149} INFO - Number of results in first chunk: 1
[2024-07-07T14:31:30.587+0000] {cursor.py:1149} INFO - Number of results in first chunk: 1
[2024-07-07T14:31:32.791+0000] {cursor.py:1149} INFO - Number of results in first chunk: 1
[2024-07-07T14:31:32.853+0000] {cursor.py:1149} INFO - Number of results in first chunk: 1
[2024-07-07T14:31:32.913+0000] {cursor.py:1149} INFO - Number of results in first chunk: 1
[2024-07-07T14:31:32.914+0000] {logging_mixin.py:188} INFO - Stored Procedure executed successfully
[2024-07-07T14:31:32.915+0000] {python.py:237} INFO - Done. Returned value was: None
[2024-07-07T14:31:32.917+0000] {taskinstance.py:441} INFO - ::group::Post task execution logs
[2024-07-07T14:31:32.944+0000] {taskinstance.py:1206} INFO - Marking task as SUCCESS. dag_id=clickhouse_etl_dag, task_id=edw_load, run_id=manual__2024-07-07T14:30:53.123513+00:00, execution_date=20240707T143053, start_date=20240707T143129, end_date=20240707T143132
[2024-07-07T14:31:33.008+0000] {local_task_job_runner.py:240} INFO - Task exited with return code 0
[2024-07-07T14:31:33.025+0000] {local_task_job_runner.py:222} INFO - ::endgroup::
